#
# There is insufficient memory for the Java Runtime Environment to continue.
# Native memory allocation (malloc) failed to allocate 1048576 bytes for AllocateHeap
# Possible reasons:
#   The system is out of physical RAM or swap space
#   In 32 bit mode, the process size limit was hit
# Possible solutions:
#   Reduce memory load on the system
#   Increase physical memory or swap space
#   Check if swap backing store is full
#   Use 64 bit Java on a 64 bit OS
#   Decrease Java heap size (-Xmx/-Xms)
#   Decrease number of Java threads
#   Decrease Java thread stack sizes (-Xss)
#   Set larger code cache with -XX:ReservedCodeCacheSize=
# This output file may be truncated or incomplete.
#
#  Out of Memory Error (memory/allocation.inline.hpp:62), pid=1236, tid=19040
#
# JRE version:  (8.0_20-b26) (build )
# Java VM: Java HotSpot(TM) 64-Bit Server VM (25.20-b23 mixed mode windows-amd64 compressed oops)
# Failed to write core dump. Minidumps are not enabled by default on client versions of Windows
#

---------------  T H R E A D  ---------------

Current thread (0x0000000003190800):  JavaThread "Unknown thread" [_thread_in_vm, id=19040, stack(0x0000000003060000,0x0000000003160000)]

Stack: [0x0000000003060000,0x0000000003160000]
Native frames: (J=compiled Java code, j=interpreted, Vv=VM code, C=native code)
V  [jvm.dll+0x3152fa]
V  [jvm.dll+0x265d03]
V  [jvm.dll+0x266943]
V  [jvm.dll+0x25e265]
V  [jvm.dll+0x25d2bf]
V  [jvm.dll+0x3d4dec]
V  [jvm.dll+0x3d0637]
V  [jvm.dll+0xe4472]
V  [jvm.dll+0x1f8a09]
V  [jvm.dll+0x229fc4]
V  [jvm.dll+0x14c6f1]
C  [javaw.exe+0x20c6]
C  [javaw.exe+0xc9eb]
C  [javaw.exe+0xca7f]
C  [KERNEL32.DLL+0x18102]
C  [ntdll.dll+0x5c5b4]


---------------  P R O C E S S  ---------------

Java Threads: ( => current thread )

Other Threads:

=>0x0000000003190800 (exited) JavaThread "Unknown thread" [_thread_in_vm, id=19040, stack(0x0000000003060000,0x0000000003160000)]

VM state:not at safepoint (normal execution)

VM Mutex/Monitor currently owned by a thread: None

Heap:
 PSYoungGen      total 38400K, used 665K [0x00000000d5f00000, 0x00000000d8980000, 0x0000000100000000)
  eden space 33280K, 2% used [0x00000000d5f00000,0x00000000d5fa6670,0x00000000d7f80000)
  from space 5120K, 0% used [0x00000000d8480000,0x00000000d8480000,0x00000000d8980000)
  to   space 5120K, 0% used [0x00000000d7f80000,0x00000000d7f80000,0x00000000d8480000)
 ParOldGen       total 87552K, used 0K [0x0000000081c00000, 0x0000000087180000, 0x00000000d5f00000)
  object space 87552K, 0% used [0x0000000081c00000,0x0000000081c00000,0x0000000087180000)
 Metaspace       used 654K, capacity 4480K, committed 4480K, reserved 1056768K
  class space    used 66K, capacity 384K, committed 384K, reserved 1048576K

Card table byte_map: [0x0000000012650000,0x0000000012a50000] byte_map_base: 0x0000000012242000

Marking Bits: (ParMarkBitMap*) 0x00000000634ab460
 Begin Bits: [0x0000000013500000, 0x0000000015490000)
 End Bits:   [0x0000000015490000, 0x0000000017420000)

Polling page: 0x00000000015a0000

CodeCache: size=245760Kb used=327Kb max_used=327Kb free=245432Kb
 bounds [0x0000000003290000, 0x0000000003500000, 0x0000000012290000]
 total_blobs=56 nmethods=0 adapters=37
 compilation: enabled

Compilation events (0 events):
No events

GC Heap History (0 events):
No events

Deoptimization events (0 events):
No events

Internal exceptions (0 events):
No events

Events (10 events):
Event: 0.031 loading class java/lang/Short
Event: 0.031 loading class java/lang/Short done
Event: 0.031 loading class java/lang/Integer
Event: 0.031 loading class java/lang/Integer done
Event: 0.031 loading class java/lang/Long
Event: 0.031 loading class java/lang/Long done
Event: 0.031 loading class java/lang/NullPointerException
Event: 0.031 loading class java/lang/NullPointerException done
Event: 0.031 loading class java/lang/ArithmeticException
Event: 0.031 loading class java/lang/ArithmeticException done


Dynamic libraries:
0x00007ff640c70000 - 0x00007ff640ca4000 	F:\java\jre 8\bin\javaw.exe
0x00007ff95c700000 - 0x00007ff95c8c1000 	C:\WINDOWS\SYSTEM32\ntdll.dll
0x00007ff959940000 - 0x00007ff9599ed000 	C:\WINDOWS\system32\KERNEL32.DLL
0x00007ff958b60000 - 0x00007ff958d48000 	C:\WINDOWS\system32\KERNELBASE.dll
0x00007ff95a5a0000 - 0x00007ff95a647000 	C:\WINDOWS\system32\ADVAPI32.dll
0x00007ff95c150000 - 0x00007ff95c1ed000 	C:\WINDOWS\system32\msvcrt.dll
0x00007ff95a850000 - 0x00007ff95a8ab000 	C:\WINDOWS\system32\sechost.dll
0x00007ff95a730000 - 0x00007ff95a84c000 	C:\WINDOWS\system32\RPCRT4.dll
0x00007ff95bff0000 - 0x00007ff95c146000 	C:\WINDOWS\system32\USER32.dll
0x00007ff95c1f0000 - 0x00007ff95c376000 	C:\WINDOWS\system32\GDI32.dll
0x00007ff9535c0000 - 0x00007ff953834000 	C:\WINDOWS\WinSxS\amd64_microsoft.windows.common-controls_6595b64144ccf1df_6.0.10586.0_none_8c15ae12515e1c22\COMCTL32.dll
0x00007ff9599f0000 - 0x00007ff959c6d000 	C:\WINDOWS\system32\combase.dll
0x00007ff959260000 - 0x00007ff9592ca000 	C:\WINDOWS\system32\bcryptPrimitives.dll
0x00007ff95c4f0000 - 0x00007ff95c52b000 	C:\WINDOWS\system32\IMM32.DLL
0x0000000063530000 - 0x0000000063602000 	F:\java\jre 8\bin\msvcr100.dll
0x0000000062cd0000 - 0x0000000063528000 	F:\java\jre 8\bin\server\jvm.dll
0x00007ff959230000 - 0x00007ff959253000 	C:\WINDOWS\system32\WINMM.dll
0x00007ff958b30000 - 0x00007ff958b5c000 	C:\WINDOWS\system32\WINMMBASE.dll
0x00007ff959040000 - 0x00007ff959083000 	C:\WINDOWS\system32\cfgmgr32.dll
0x00007ff947400000 - 0x00007ff947409000 	C:\WINDOWS\SYSTEM32\WSOCK32.dll
0x00007ff95c4e0000 - 0x00007ff95c4e8000 	C:\WINDOWS\system32\PSAPI.DLL
0x00007ff95a650000 - 0x00007ff95a6bb000 	C:\WINDOWS\system32\WS2_32.dll
0x0000000063d60000 - 0x0000000063d6f000 	F:\java\jre 8\bin\verify.dll
0x0000000062ca0000 - 0x0000000062cc8000 	F:\java\jre 8\bin\java.dll
0x0000000062c80000 - 0x0000000062c96000 	F:\java\jre 8\bin\zip.dll
0x00007ff92c5e0000 - 0x00007ff92c76c000 	C:\WINDOWS\SYSTEM32\dbghelp.dll

VM Arguments:
jvm_args: -Dfile.encoding=GBK 
java_command: cjy.njit.nj.snake.Game
java_class_path (initial): F:\program\eclipse-workspace\Snake\bin
Launcher Type: SUN_STANDARD

Environment Variables:
JAVA_HOME=F:\java\jdk 8
CLASSPATH=.;F:\java\jdk 8\lib;F:\java\jdk 8\lib\tools.jar;
PATH=F:\OpenCV\opencv\build\x86\vc12\bin;C:\ProgramData\Oracle\Java\javapath;C:\Program Files (x86)\Intel\iCLS Client\;C:\Program Files\Intel\iCLS Client\;C:\Windows\system32;C:\Windows;C:\Windows\System32\Wbem;C:\Windows\System32\WindowsPowerShell\v1.0\;C:\Program Files\Intel\Intel(R) Management Engine Components\DAL;C:\Program Files\Intel\Intel(R) Management Engine Components\IPT;C:\Program Files (x86)\Intel\Intel(R) Management Engine Components\DAL;C:\Program Files (x86)\Intel\Intel(R) Management Engine Components\IPT;%QUARTUS_ROOTDIR%\bin;C:\Program Files\Microsoft SQL Server\110\Tools\Binn\;C:\Program Files\Microsoft SQL Server\120\Tools\Binn\;C:\Program Files (x86)\NVIDIA Corporation\PhysX\Common;C:\WINDOWS\system32;C:\WINDOWS;C:\WINDOWS\System32\Wbem;C:\WINDOWS\System32\WindowsPowerShell\v1.0\;F:\Altium Designer v9\System;D:\Skype\Phone\;C:\WINDOWS\system32\config\systemprofile\.dnx\bin;C:\Program Files\Microsoft DNX\Dnvm\;C:\Program Files (x86)\Windows Kits\8.1\Windows Performance Toolkit\;C:\Program Files (x86)\MySQL\MySQL Fabric 1.5 & MySQL Utilities 1.5\;C:\Program Files (x86)\MySQL\MySQL Fabric 1.5 & MySQL Utilities 1.5\Doctrine extensions for PHP\;F:\TortoiseGit\bin;F:\java\jdk 8\jre\bin;F:\java\jdk 8\bin;F:\SSHSecureShellClient-3.2.9;C:\Program Files (x86)\IDM Computer Solutions\UltraEdit\;F:\OpenCV\opencv\build\x86\vc12\bin;F:\Python2.7.10;F:\Maven\apache-maven-3.3.9\bin
USERNAME=½¾Ñô
OS=Windows_NT
PROCESSOR_IDENTIFIER=Intel64 Family 6 Model 60 Stepping 3, GenuineIntel



---------------  S Y S T E M  ---------------

OS: Windows 8.1 , 64 bit Build 9600 

CPU:total 8 (4 cores per cpu, 2 threads per core) family 6 model 60 stepping 3, cmov, cx8, fxsr, mmx, sse, sse2, sse3, ssse3, sse4.1, sse4.2, popcnt, avx, avx2, aes, clmul, erms, lzcnt, ht, tsc, tscinvbit, bmi1, bmi2

Memory: 4k page, physical 8268936k(2572564k free), swap 21376388k(4540k free)

vm_info: Java HotSpot(TM) 64-Bit Server VM (25.20-b23) for windows-amd64 JRE (1.8.0_20-b26), built on Jul 30 2014 13:51:23 by "java_re" with MS VC++ 10.0 (VS2010)

time: Sat Jul 09 21:15:30 2016
elapsed time: 0 seconds (0d 0h 0m 0s)

